0 info it worked if it ends with ok
1 verbose cli [ '/usr/local/bin/node', '/usr/local/bin/npm', 'publish' ]
2 info using npm@3.8.6
3 info using node@v6.0.0
4 verbose publish [ '.' ]
5 silly cache add args [ '.', null ]
6 verbose cache add spec .
7 silly cache add parsed spec Result {
7 silly cache add   raw: '.',
7 silly cache add   scope: null,
7 silly cache add   name: null,
7 silly cache add   rawSpec: '.',
7 silly cache add   spec: '/var/www/sites/node-env-config-loader',
7 silly cache add   type: 'directory' }
8 verbose addLocalDirectory /home/vagrant/.npm/node-env-config-loader/0.0.1/package.tgz not in flight; packing
9 verbose correctMkdir /home/vagrant/.npm correctMkdir not in flight; initializing
10 info lifecycle node-env-config-loader@0.0.1~prepublish: node-env-config-loader@0.0.1
11 silly lifecycle node-env-config-loader@0.0.1~prepublish: no script for prepublish, continuing
12 verbose tar pack [ '/home/vagrant/.npm/node-env-config-loader/0.0.1/package.tgz',
12 verbose tar pack   '/var/www/sites/node-env-config-loader' ]
13 verbose tarball /home/vagrant/.npm/node-env-config-loader/0.0.1/package.tgz
14 verbose folder /var/www/sites/node-env-config-loader
15 verbose addLocalTarball adding from inside cache /home/vagrant/.npm/node-env-config-loader/0.0.1/package.tgz
16 verbose correctMkdir /home/vagrant/.npm correctMkdir not in flight; initializing
17 silly cache afterAdd node-env-config-loader@0.0.1
18 verbose afterAdd /home/vagrant/.npm/node-env-config-loader/0.0.1/package/package.json not in flight; writing
19 verbose correctMkdir /home/vagrant/.npm correctMkdir not in flight; initializing
20 verbose afterAdd /home/vagrant/.npm/node-env-config-loader/0.0.1/package/package.json written
21 silly publish { name: 'node-env-config-loader',
21 silly publish   version: '0.0.1',
21 silly publish   description: 'Load node config from environment variables',
21 silly publish   main: 'index.js',
21 silly publish   scripts: { test: 'mocha' },
21 silly publish   repository:
21 silly publish    { type: 'git',
21 silly publish      url: 'git+ssh://git@github.com/ajouve/node-env-config-loader.git' },
21 silly publish   keywords: [ 'node', 'config', 'environment', 'loader' ],
21 silly publish   author: { name: 'ajouve' },
21 silly publish   license: 'ISC',
21 silly publish   bugs: { url: 'https://github.com/ajouve/node-env-config-loader/issues' },
21 silly publish   homepage: 'https://github.com/ajouve/node-env-config-loader',
21 silly publish   devDependencies: { assert: '^1.4.1', mocha: '^2.5.3' },
21 silly publish   dependencies: { lodash: '^4.13.1' },
21 silly publish   readme: '# Node env config loader\n\nLoad config from files and environment.\n\n## Default config file\n\nThe default config file is `config/config.json`\n\n## Application environment config file\n\nIf the `APPLICATION_ENV` variable is set, the file related to will be loaded.\n\nFor example if `APPLICATION_ENV` is set to `live`, `config/config_live.json` will be loaded.\n\n## Environment variables\n\nAll the variables beginning with your application name will try to be loaded.\n\nFor example if your application name is `my-app` and you have the following variables:\n\n    process.env.my_app_port = 3000;\n    process.env.my_app_redis_password = \'foobared\';\n\n The config will contain the following json:\n\n     {\n         "port": 3000,\n         "redis": {\n             "password": "foobared"\n         }\n     }\n\n## Extra configuration\n\nThe application name will be automatically added under the `name` key.\n',
21 silly publish   readmeFilename: 'README.md',
21 silly publish   gitHead: '834c747a73b7f8190aeb59d4818985202c5d75f9',
21 silly publish   _id: 'node-env-config-loader@0.0.1',
21 silly publish   _shasum: '2141a6e0db04dfc7e56a2d238881d3ed44de1fbf',
21 silly publish   _from: '.' }
22 verbose getPublishConfig undefined
23 silly mapToRegistry name node-env-config-loader
24 silly mapToRegistry using default registry
25 silly mapToRegistry registry https://registry.npmjs.org/
26 silly mapToRegistry data Result {
26 silly mapToRegistry   raw: 'node-env-config-loader',
26 silly mapToRegistry   scope: null,
26 silly mapToRegistry   name: 'node-env-config-loader',
26 silly mapToRegistry   rawSpec: '',
26 silly mapToRegistry   spec: 'latest',
26 silly mapToRegistry   type: 'tag' }
27 silly mapToRegistry uri https://registry.npmjs.org/node-env-config-loader
28 verbose publish registryBase https://registry.npmjs.org/
29 silly publish uploading /home/vagrant/.npm/node-env-config-loader/0.0.1/package.tgz
30 verbose request uri https://registry.npmjs.org/node-env-config-loader
31 verbose request sending authorization for write operation
32 info attempt registry request try #1 at 10:13:55 AM
33 verbose request using bearer token for auth
34 verbose request id 319c87fa961cce95
35 http request PUT https://registry.npmjs.org/node-env-config-loader
36 http 403 https://registry.npmjs.org/node-env-config-loader
37 verbose headers { 'content-type': 'application/json',
37 verbose headers   'cache-control': 'max-age=300',
37 verbose headers   'content-length': '128',
37 verbose headers   'accept-ranges': 'bytes',
37 verbose headers   date: 'Wed, 15 Jun 2016 10:14:01 GMT',
37 verbose headers   via: '1.1 varnish',
37 verbose headers   connection: 'keep-alive',
37 verbose headers   'x-served-by': 'cache-ams4142-AMS',
37 verbose headers   'x-cache': 'MISS',
37 verbose headers   'x-cache-hits': '0',
37 verbose headers   'x-timer': 'S1465985639.915276,VS0,VE1762',
37 verbose headers   vary: 'Accept-Encoding' }
38 verbose request invalidating /home/vagrant/.npm/registry.npmjs.org/node-env-config-loader on PUT
39 error publish Failed PUT 403
40 verbose stack Error: "You cannot publish over the previously published version 0.0.1. Try bumping the version to 1.0.0" : node-env-config-loader
40 verbose stack     at makeError (/usr/local/lib/node_modules/npm/node_modules/npm-registry-client/lib/request.js:264:12)
40 verbose stack     at CachingRegistryClient.<anonymous> (/usr/local/lib/node_modules/npm/node_modules/npm-registry-client/lib/request.js:252:14)
40 verbose stack     at Request._callback (/usr/local/lib/node_modules/npm/node_modules/npm-registry-client/lib/request.js:172:14)
40 verbose stack     at Request.self.callback (/usr/local/lib/node_modules/npm/node_modules/request/request.js:199:22)
40 verbose stack     at emitTwo (events.js:106:13)
40 verbose stack     at Request.emit (events.js:191:7)
40 verbose stack     at Request.<anonymous> (/usr/local/lib/node_modules/npm/node_modules/request/request.js:1036:10)
40 verbose stack     at emitOne (events.js:101:20)
40 verbose stack     at Request.emit (events.js:188:7)
40 verbose stack     at IncomingMessage.<anonymous> (/usr/local/lib/node_modules/npm/node_modules/request/request.js:963:12)
41 verbose statusCode 403
42 verbose pkgid node-env-config-loader
43 verbose cwd /var/www/sites/node-env-config-loader
44 error Linux 3.13.0-77-generic
45 error argv "/usr/local/bin/node" "/usr/local/bin/npm" "publish"
46 error node v6.0.0
47 error npm  v3.8.6
48 error code E403
49 error "You cannot publish over the previously published version 0.0.1. Try bumping the version to 1.0.0" : node-env-config-loader
50 error If you need help, you may report this error at:
50 error     <https://github.com/npm/npm/issues>
51 verbose exit [ 1, true ]
